<?xml version="1.0" encoding="UTF-8"?>
<testng-results skipped="0" failed="0" total="1" passed="1">
  <reporter-output>
  </reporter-output>
  <suite name="Default suite" duration-ms="134030" started-at="2017-06-13T11:13:22Z" finished-at="2017-06-13T11:15:36Z">
    <groups>
    </groups>
    <test name="Default test" duration-ms="134030" started-at="2017-06-13T11:13:22Z" finished-at="2017-06-13T11:15:36Z">
      <class name="com.chethan.demo.auto.TestDemo">
        <test-method status="PASS" signature="Setup()[pri:0, instance:com.chethan.demo.auto.TestDemo@c33b74f]" name="Setup" is-config="true" duration-ms="125778" started-at="2017-06-13T16:43:22Z" finished-at="2017-06-13T16:45:28Z">
          <reporter-output>
          </reporter-output>
        </test-method> <!-- Setup -->
        <test-method status="PASS" signature="SimpleTest()[pri:0, instance:com.chethan.demo.auto.TestDemo@c33b74f]" name="SimpleTest" duration-ms="51" started-at="2017-06-13T16:45:29Z" finished-at="2017-06-13T16:45:29Z">
          <reporter-output>
          </reporter-output>
        </test-method> <!-- SimpleTest -->
      </class> <!-- com.chethan.demo.auto.TestDemo -->
    </test> <!-- Default test -->
  </suite> <!-- Default suite -->
</testng-results>
